### DASHBOARDS
[live e=0 204b] dashboard/latest-month
[live e=0 2437b] dashboard/fulfilment-health
[live e=0 16309b] dashboard/state-sales
[live e=0 441b] dashboard/state-sales-detail
[live e=0 2339b] dashboard/category-breakdown
[live e=0 643b] dashboard/category-litres
[live e=0 286b] dashboard/category-platform-breakdown
[live e=0 1296b] dashboard/category-trend
[live e=0 4740b] dashboard/inventory-charts
[live e=0 793b] dashboard/primary-po-litres
[live e=0 9835b] dashboard/secondary-yoy-growth
[live e=0 1515b] dashboard/platform-expiry-alerts
[live e=0 2961b] dashboard/top-skus
[live e=0 2937b] dashboard/top-skus:amazon
[live e=0 442b] dashboard/cat-sku:amazon
[live e=0 78b] dashboard/expiry:amazon
[live e=0 2290b] dashboard/top-skus:blinkit
[live e=0 443b] dashboard/cat-sku:blinkit
[live e=0 78b] dashboard/expiry:blinkit
[live e=0 2931b] dashboard/top-skus:zepto
[live e=0 441b] dashboard/cat-sku:zepto
[live e=0 78b] dashboard/expiry:zepto
[live e=0 2931b] dashboard/top-skus:swiggy
[live e=0 442b] dashboard/cat-sku:swiggy
[live e=0 78b] dashboard/expiry:swiggy
[live e=0 2720b] dashboard/top-skus:bigbasket
[live e=0 445b] dashboard/cat-sku:bigbasket
[live e=0 78b] dashboard/expiry:bigbasket
[live e=0 272b] dashboard/top-skus:flipkart
[live e=0 444b] dashboard/cat-sku:flipkart
[live e=0 78b] dashboard/expiry:flipkart
[live e=0 271b] dashboard/top-skus:jiomart
[live e=0 443b] dashboard/cat-sku:jiomart
[live e=0 78b] dashboard/expiry:jiomart
[live e=0 1822b] dashboard/top-skus:flipkart_grocery
[live e=0 452b] dashboard/cat-sku:flipkart_grocery
[live e=0 78b] dashboard/expiry:flipkart_grocery
### MASTER
[live e=0 3357b] master/fcs
products: 803 total, 385075b
### NOTIFICATIONS
[live e=0 95746b] notifications/list
### PLATFORM SWEEP (19 leaves x 10 slugs)
[live e=0 59220b] platform.amazon/ads
[live e=0 15141b] platform.amazon/comparison
[live e=0 10970b] platform.amazon/coupon
[live e=0 194631b] platform.amazon/drr
[live e=0 79b] platform.amazon/inventory-match
[live e=0 4496b] platform.amazon/marketplace
[ e=5 0b] platform.amazon/month-on-month-sale
[live e=0 2602b] platform.amazon/month-targets
[ e=5 0b] platform.amazon/pendency
[live e=0 128b] platform.amazon/pos
[live e=0 64336b] platform.amazon/price
[live e=0 219391b] platform.amazon/primary
[live e=0 1151b] platform.amazon/primary-month-targets
[ e=3 0b] platform.amazon/region-doh
[live e=0 295295b] platform.amazon/secondary
[live e=0 62828b] platform.amazon/secondary-monthly
[live e=0 135b] platform.amazon/secondary-years
[live e=0 82324b] platform.amazon/soh-doh
[live e=0 141b] platform.amazon/stats
[ e=5 0b] platform.bigbasket/ads
[ e=5 0b] platform.bigbasket/comparison
[ e=5 0b] platform.bigbasket/coupon
[live e=0 41531b] platform.bigbasket/drr
[live e=0 79b] platform.bigbasket/inventory-match
[ e=5 0b] platform.bigbasket/marketplace
[live e=0 10674b] platform.bigbasket/month-on-month-sale
[live e=0 3789b] platform.bigbasket/month-targets
[live e=0 13929b] platform.bigbasket/pendency
[live e=0 128b] platform.bigbasket/pos
[ e=5 0b] platform.bigbasket/price
[live e=0 56696b] platform.bigbasket/primary
[live e=0 2432b] platform.bigbasket/primary-month-targets
[ e=3 0b] platform.bigbasket/region-doh
[live e=0 73565b] platform.bigbasket/secondary
[ e=5 0b] platform.bigbasket/secondary-monthly
[live e=0 135b] platform.bigbasket/secondary-years
[live e=0 11236b] platform.bigbasket/soh-doh
[live e=0 141b] platform.bigbasket/stats
[ e=5 0b] platform.blinkit/ads
[ e=5 0b] platform.blinkit/comparison
[ e=5 0b] platform.blinkit/coupon
[live e=0 21677b] platform.blinkit/drr
[live e=0 79b] platform.blinkit/inventory-match
[ e=5 0b] platform.blinkit/marketplace
[ e=5 0b] platform.blinkit/month-on-month-sale
[live e=0 3793b] platform.blinkit/month-targets
[live e=0 12988b] platform.blinkit/pendency
[live e=0 128b] platform.blinkit/pos
[ e=5 0b] platform.blinkit/price
[live e=0 36828b] platform.blinkit/primary
[live e=0 2441b] platform.blinkit/primary-month-targets
[ e=3 0b] platform.blinkit/region-doh
[live e=0 68114b] platform.blinkit/secondary
[ e=5 0b] platform.blinkit/secondary-monthly
[live e=0 135b] platform.blinkit/secondary-years
[live e=0 5400b] platform.blinkit/soh-doh
[live e=0 141b] platform.blinkit/stats
[ e=5 0b] platform.citymall/ads
[ e=5 0b] platform.citymall/comparison
[ e=5 0b] platform.citymall/coupon
[ e=5 0b] platform.citymall/drr
[live e=0 79b] platform.citymall/inventory-match
[ e=5 0b] platform.citymall/marketplace
[ e=5 0b] platform.citymall/month-on-month-sale
[live e=0 2564b] platform.citymall/month-targets
[live e=0 9698b] platform.citymall/pendency
[live e=0 96157b] platform.citymall/pos
[ e=5 0b] platform.citymall/price
[live e=0 31120b] platform.citymall/primary
[live e=0 2451b] platform.citymall/primary-month-targets
[ e=3 0b] platform.citymall/region-doh
[ e=5 0b] platform.citymall/secondary
[ e=5 0b] platform.citymall/secondary-monthly
[live e=0 95b] platform.citymall/secondary-years
[ e=5 0b] platform.citymall/soh-doh
[live e=0 140b] platform.citymall/stats
[ e=5 0b] platform.flipkart/ads
[ e=5 0b] platform.flipkart/comparison
[ e=5 0b] platform.flipkart/coupon
[live e=0 33483b] platform.flipkart/drr
[live e=0 79b] platform.flipkart/inventory-match
[ e=5 0b] platform.flipkart/marketplace
[ e=5 0b] platform.flipkart/month-on-month-sale
[live e=0 3800b] platform.flipkart/month-targets
[ e=5 0b] platform.flipkart/pendency
[live e=0 128b] platform.flipkart/pos
[ e=5 0b] platform.flipkart/price
[live e=0 29622b] platform.flipkart/primary
[live e=0 149b] platform.flipkart/primary-month-targets
[ e=3 0b] platform.flipkart/region-doh
[live e=0 92228b] platform.flipkart/secondary
[live e=0 36944b] platform.flipkart/secondary-monthly
[live e=0 123b] platform.flipkart/secondary-years
[ e=5 0b] platform.flipkart/soh-doh
[live e=0 137b] platform.flipkart/stats
[ e=5 0b] platform.flipkart_grocery/ads
[ e=5 0b] platform.flipkart_grocery/comparison
[ e=5 0b] platform.flipkart_grocery/coupon
[live e=0 13879b] platform.flipkart_grocery/drr
[live e=0 79b] platform.flipkart_grocery/inventory-match
[ e=5 0b] platform.flipkart_grocery/marketplace
[live e=0 7799b] platform.flipkart_grocery/month-on-month-sale
[live e=0 3204b] platform.flipkart_grocery/month-targets
[live e=0 7912b] platform.flipkart_grocery/pendency
[live e=0 97927b] platform.flipkart_grocery/pos
[ e=5 0b] platform.flipkart_grocery/price
[live e=0 29622b] platform.flipkart_grocery/primary
[live e=0 2487b] platform.flipkart_grocery/primary-month-targets
[ e=3 0b] platform.flipkart_grocery/region-doh
[live e=0 68943b] platform.flipkart_grocery/secondary
[ e=5 0b] platform.flipkart_grocery/secondary-monthly
[live e=0 123b] platform.flipkart_grocery/secondary-years
[ e=5 0b] platform.flipkart_grocery/soh-doh
[live e=0 140b] platform.flipkart_grocery/stats
[ e=5 0b] platform.jiomart/ads
[ e=5 0b] platform.jiomart/comparison
[ e=5 0b] platform.jiomart/coupon
[ e=5 0b] platform.jiomart/drr
[live e=0 79b] platform.jiomart/inventory-match
[ e=5 0b] platform.jiomart/marketplace
[ e=5 0b] platform.jiomart/month-on-month-sale
[ e=5 0b] platform.jiomart/month-targets
[ e=5 0b] platform.jiomart/pendency
[live e=0 128b] platform.jiomart/pos
[ e=5 0b] platform.jiomart/price
[ e=5 0b] platform.jiomart/primary
[ e=5 0b] platform.jiomart/primary-month-targets
[ e=3 0b] platform.jiomart/region-doh
[ e=5 0b] platform.jiomart/secondary
[ e=5 0b] platform.jiomart/secondary-monthly
[live e=0 95b] platform.jiomart/secondary-years
[ e=5 0b] platform.jiomart/soh-doh
[live e=0 140b] platform.jiomart/stats
[ e=5 0b] platform.swiggy/ads
[ e=5 0b] platform.swiggy/comparison
[ e=5 0b] platform.swiggy/coupon
[live e=0 43126b] platform.swiggy/drr
[live e=0 79b] platform.swiggy/inventory-match
[ e=5 0b] platform.swiggy/marketplace
[ e=5 0b] platform.swiggy/month-on-month-sale
[live e=0 3797b] platform.swiggy/month-targets
[live e=0 77763b] platform.swiggy/pendency
[live e=0 128b] platform.swiggy/pos
[ e=5 0b] platform.swiggy/price
[live e=0 63666b] platform.swiggy/primary
[live e=0 2452b] platform.swiggy/primary-month-targets
[live e=0 30219b] platform.swiggy/region-doh
[live e=0 13186b] platform.swiggy/secondary
[ e=5 0b] platform.swiggy/secondary-monthly
[live e=0 123b] platform.swiggy/secondary-years
[live e=0 11604b] platform.swiggy/soh-doh
[live e=0 141b] platform.swiggy/stats
[ e=5 0b] platform.zepto/ads
[ e=5 0b] platform.zepto/comparison
[ e=5 0b] platform.zepto/coupon
[live e=0 36699b] platform.zepto/drr
[live e=0 79b] platform.zepto/inventory-match
[ e=5 0b] platform.zepto/marketplace
[ e=5 0b] platform.zepto/month-on-month-sale
[live e=0 3779b] platform.zepto/month-targets
[live e=0 32235b] platform.zepto/pendency
[live e=0 128b] platform.zepto/pos
[ e=5 0b] platform.zepto/price
[live e=0 61132b] platform.zepto/primary
[live e=0 2442b] platform.zepto/primary-month-targets
[live e=0 18276b] platform.zepto/region-doh
[live e=0 75155b] platform.zepto/secondary
[ e=5 0b] platform.zepto/secondary-monthly
[live e=0 123b] platform.zepto/secondary-years
[live e=0 9598b] platform.zepto/soh-doh
[live e=0 141b] platform.zepto/stats
[ e=5 0b] platform.zomato/ads
[ e=5 0b] platform.zomato/comparison
[ e=5 0b] platform.zomato/coupon
[ e=5 0b] platform.zomato/drr
[live e=0 79b] platform.zomato/inventory-match
[ e=5 0b] platform.zomato/marketplace
[ e=5 0b] platform.zomato/month-on-month-sale
[live e=0 1923b] platform.zomato/month-targets
[live e=0 3980b] platform.zomato/pendency
[live e=0 98452b] platform.zomato/pos
[ e=5 0b] platform.zomato/price
[live e=0 38006b] platform.zomato/primary
[live e=0 1303b] platform.zomato/primary-month-targets
[ e=3 0b] platform.zomato/region-doh
[ e=5 0b] platform.zomato/secondary
[ e=5 0b] platform.zomato/secondary-monthly
[live e=0 95b] platform.zomato/secondary-years
[ e=5 0b] platform.zomato/soh-doh
[live e=0 140b] platform.zomato/stats
### TABLES (schema for all 41 + sample rows for key tables)
[live e=0 534b] tables/columns:all_platform_inventory
[live e=0 2392b] tables/columns:amazon_ads
[live e=0 858b] tables/columns:amazon_coupon
[live e=0 1766b] tables/columns:amazon_inventory
[live e=0 1114b] tables/columns:amazon_price_data
[live e=0 912b] tables/columns:amazon_sec_daily
[live e=0 1829b] tables/columns:amazon_sec_daily_master_view
[live e=0 986b] tables/columns:amazon_sec_range
[live e=0 427b] tables/columns:amazon_sec_range_margins
[live e=0 2361b] tables/columns:amazon_sec_range_master_view
[live e=0 818b] tables/columns:bigbasketSec
[live e=0 1196b] tables/columns:bigbasket_ads
[live e=0 1006b] tables/columns:bigbasket_inventory
[live e=0 668b] tables/columns:blinkitSec
[live e=0 729b] tables/columns:blinkit_ads
[live e=0 1474b] tables/columns:blinkit_brandfund
[live e=0 787b] tables/columns:blinkit_inventory
[live e=0 99b] tables/columns:citymallSec
[live e=0 99b] tables/columns:citymall_inventory
[live e=0 99b] tables/columns:fk_grocery
[live e=0 1087b] tables/columns:flipkartSec
[live e=0 1031b] tables/columns:flipkart_ads
[live e=0 972b] tables/columns:flipkart_grocery_master
[live e=0 1929b] tables/columns:flipkart_secondary_all
[live e=0 3218b] tables/columns:jiomartSec
[live e=0 1250b] tables/columns:jiomart_inventory
[live e=0 5393b] tables/columns:master_po
[live e=0 99b] tables/columns:prim_master_po
[live e=0 982b] tables/columns:swiggySec
[live e=0 1803b] tables/columns:swiggy_ads
[live e=0 1069b] tables/columns:swiggy_brandfund
[live e=0 1067b] tables/columns:swiggy_inventory
[live e=0 99b] tables/columns:test_master_po
[live e=0 921b] tables/columns:total_po
[live e=0 955b] tables/columns:total_po_zbs
[live e=0 955b] tables/columns:zeptoSec
[live e=0 1276b] tables/columns:zepto_ads
[live e=0 2421b] tables/columns:zepto_brandfund
[live e=0 913b] tables/columns:zepto_inventory
[live e=0 99b] tables/columns:zomatoSec
[live e=0 99b] tables/columns:zomato_inventory
sample master_po: 6188b
sample total_po: 1920b
sample amazon_sec_range_margins: 879b
sample blinkit_inventory: 1570b
sample swiggySec: 1949b
sample amazon_price_data: 2203b
sample blinkit_brandfund: 2874b
sample all_platform_inventory: 1069b
### DONE
Fri Jun 26 17:35:56 IST 2026
